2024-10-04 21:17:52,200 - INFO - AdminToolbox application started
2024-10-04 21:17:52,247 - INFO - AdminToolbox GUI initialized
2024-10-04 21:17:54,248 - INFO - Registry Key Retrieval button clicked
2024-10-04 21:17:54,248 - INFO - Registry key retrieval simulated for HKLM\SOFTWARE\Microsoft\Windows NT\CurrentVersion\ProductName
2024-10-04 21:17:54,268 - INFO - Compare Versions button clicked
2024-10-04 21:17:54,269 - INFO - Version comparison: Version does not match
2024-10-04 21:17:54,278 - INFO - Read XML File button clicked
2024-10-04 21:17:54,278 - ERROR - XML file not found: example.xml
2024-10-04 21:17:54,286 - INFO - Admin Permissions button clicked
2024-10-04 21:17:54,287 - INFO - Admin permissions granted to testuser
2024-10-04 21:17:54,295 - INFO - Execute Program button clicked
2024-10-04 21:17:54,295 - INFO - Simulating execution of program: test_program.exe
With arguments: --verbose
Program executed successfully.
2024-10-04 21:19:50,515 - INFO - AdminToolbox application started
2024-10-04 21:19:50,583 - INFO - AdminToolbox GUI initialized
2024-10-04 22:40:16,846 - INFO - AdminToolbox application started
2024-10-04 22:40:16,846 - INFO - AdminToolbox application started
2024-10-04 22:40:17,149 - INFO - AdminToolbox GUI initialized
2024-10-04 22:40:17,150 - INFO - AdminToolbox GUI initialized
2024-10-04 22:44:17,912 - INFO - AdminToolbox application started
2024-10-04 22:44:17,912 - INFO - AdminToolbox application started
2024-10-04 22:44:17,958 - INFO - AdminToolbox GUI initialized
2024-10-04 22:44:17,958 - INFO - AdminToolbox GUI initialized
2024-10-04 22:47:04,033 - INFO - AdminToolbox application started
2024-10-04 22:47:04,033 - INFO - AdminToolbox application started
2024-10-04 22:47:04,080 - INFO - AdminToolbox GUI initialized
2024-10-04 22:47:04,080 - INFO - AdminToolbox GUI initialized
2024-10-05 00:33:55,873 - INFO - AdminToolbox application started
2024-10-05 00:33:55,873 - INFO - AdminToolbox application started
2024-10-05 00:33:56,244 - INFO - AdminToolbox GUI initialized
2024-10-05 00:33:56,244 - INFO - AdminToolbox GUI initialized
2024-10-05 00:34:50,580 - INFO - Modify XML File button clicked
2024-10-05 00:35:01,018 - INFO - Message shown: Modify XML File - No file selected. Operation cancelled.
2024-10-05 00:35:03,286 - INFO - Compare Versions button clicked
